<?xml version="1.0" encoding="UTF-8"?>
<testng-results ignored="0" total="2" passed="2" failed="0" skipped="0">
  <reporter-output>
  </reporter-output>
  <suite started-at="2024-02-16T13:19:31 IST" name="Default suite" finished-at="2024-02-16T13:20:00 IST" duration-ms="28676">
    <groups>
    </groups>
    <test started-at="2024-02-16T13:19:31 IST" name="Default test" finished-at="2024-02-16T13:20:00 IST" duration-ms="28676">
      <class name="tests.SearchTest">
        <test-method is-config="true" signature="setup()[pri:0, instance:tests.SearchTest@72057ecf]" started-at="2024-02-16T13:19:31 IST" name="setup" finished-at="2024-02-16T13:19:40 IST" duration-ms="8726" status="PASS">
          <reporter-output>
          </reporter-output>
        </test-method> <!-- setup -->
        <test-method signature="test1()[pri:0, instance:tests.SearchTest@72057ecf]" started-at="2024-02-16T13:19:40 IST" name="test1" finished-at="2024-02-16T13:19:47 IST" duration-ms="6828" status="PASS">
          <reporter-output>
          </reporter-output>
        </test-method> <!-- test1 -->
        <test-method signature="test2()[pri:0, instance:tests.SearchTest@72057ecf]" started-at="2024-02-16T13:19:47 IST" name="test2" finished-at="2024-02-16T13:19:59 IST" duration-ms="12306" status="PASS">
          <reporter-output>
          </reporter-output>
        </test-method> <!-- test2 -->
        <test-method is-config="true" signature="tearDown()[pri:0, instance:tests.SearchTest@72057ecf]" started-at="2024-02-16T13:19:59 IST" name="tearDown" finished-at="2024-02-16T13:20:00 IST" duration-ms="792" status="PASS">
          <reporter-output>
          </reporter-output>
        </test-method> <!-- tearDown -->
      </class> <!-- tests.SearchTest -->
    </test> <!-- Default test -->
  </suite> <!-- Default suite -->
</testng-results>
